2021-11-09 12:37:36,714 INFO org.springframework.boot.StartupInfoLogger [restartedMain] Starting SpringLoggerApplication using Java 13.0.1 on ANILTPF1413WT with PID 23676 (C:\MyWork\Repository\Coding\SpringBootFeatures\SpringLogger\target\classes started by anilt in C:\MyWork\Repository\Coding\SpringBootFeatures\SpringLogger)
2021-11-09 12:37:36,716 INFO org.springframework.boot.SpringApplication [restartedMain] No active profile set, falling back to default profiles: default
2021-11-09 12:37:36,763 INFO org.springframework.boot.logging.DeferredLog [restartedMain] Devtools property defaults active! Set 'spring.devtools.add-properties' to 'false' to disable
2021-11-09 12:37:36,764 INFO org.springframework.boot.logging.DeferredLog [restartedMain] For additional web related logging consider setting the 'logging.level.web' property to 'DEBUG'
2021-11-09 12:37:37,789 INFO org.springframework.boot.web.embedded.tomcat.TomcatWebServer [restartedMain] Tomcat initialized with port(s): 8080 (http)
2021-11-09 12:37:37,797 INFO org.apache.juli.logging.DirectJDKLog [restartedMain] Initializing ProtocolHandler ["http-nio-8080"]
2021-11-09 12:37:37,797 INFO org.apache.juli.logging.DirectJDKLog [restartedMain] Starting service [Tomcat]
2021-11-09 12:37:37,797 INFO org.apache.juli.logging.DirectJDKLog [restartedMain] Starting Servlet engine: [Apache Tomcat/9.0.54]
2021-11-09 12:37:37,841 INFO org.apache.juli.logging.DirectJDKLog [restartedMain] Initializing Spring embedded WebApplicationContext
2021-11-09 12:37:37,841 INFO org.springframework.boot.web.servlet.context.ServletWebServerApplicationContext [restartedMain] Root WebApplicationContext: initialization completed in 1077 ms
2021-11-09 12:37:38,117 INFO org.springframework.boot.devtools.autoconfigure.OptionalLiveReloadServer [restartedMain] LiveReload server is running on port 35729
2021-11-09 12:37:38,128 INFO org.apache.juli.logging.DirectJDKLog [restartedMain] Starting ProtocolHandler ["http-nio-8080"]
2021-11-09 12:37:38,305 INFO org.springframework.boot.web.embedded.tomcat.TomcatWebServer [restartedMain] Tomcat started on port(s): 8080 (http) with context path ''
2021-11-09 12:37:38,312 INFO org.springframework.boot.StartupInfoLogger [restartedMain] Started SpringLoggerApplication in 1.947 seconds (JVM running for 2.316)
2021-11-09 12:37:48,992 INFO org.apache.juli.logging.DirectJDKLog [http-nio-8080-exec-1] Initializing Spring DispatcherServlet 'dispatcherServlet'
2021-11-09 12:37:48,994 INFO org.springframework.web.servlet.FrameworkServlet [http-nio-8080-exec-1] Initializing Servlet 'dispatcherServlet'
2021-11-09 12:37:48,995 INFO org.springframework.web.servlet.FrameworkServlet [http-nio-8080-exec-1] Completed initialization in 1 ms
2021-11-09 12:37:49,009 INFO com.anilt.log.controller.ControllerClass [http-nio-8080-exec-1] An INFO Message
2021-11-09 12:37:49,010 WARN com.anilt.log.controller.ControllerClass [http-nio-8080-exec-1] A WARN Message
2021-11-09 12:37:49,010 ERROR com.anilt.log.controller.ControllerClass [http-nio-8080-exec-1] An ERROR Message
2021-11-09 12:40:38,956 INFO org.springframework.boot.StartupInfoLogger [restartedMain] Starting SpringLoggerApplication using Java 13.0.1 on ANILTPF1413WT with PID 13632 (C:\MyWork\Repository\Coding\SpringBootFeatures\SpringLogger\target\classes started by anilt in C:\MyWork\Repository\Coding\SpringBootFeatures\SpringLogger)
2021-11-09 12:40:38,958 INFO org.springframework.boot.SpringApplication [restartedMain] No active profile set, falling back to default profiles: default
2021-11-09 12:40:39,008 INFO org.springframework.boot.logging.DeferredLog [restartedMain] Devtools property defaults active! Set 'spring.devtools.add-properties' to 'false' to disable
2021-11-09 12:40:39,009 INFO org.springframework.boot.logging.DeferredLog [restartedMain] For additional web related logging consider setting the 'logging.level.web' property to 'DEBUG'
2021-11-09 12:40:40,056 INFO org.springframework.boot.web.embedded.tomcat.TomcatWebServer [restartedMain] Tomcat initialized with port(s): 8080 (http)
2021-11-09 12:40:40,064 INFO org.apache.juli.logging.DirectJDKLog [restartedMain] Initializing ProtocolHandler ["http-nio-8080"]
2021-11-09 12:40:40,065 INFO org.apache.juli.logging.DirectJDKLog [restartedMain] Starting service [Tomcat]
2021-11-09 12:40:40,065 INFO org.apache.juli.logging.DirectJDKLog [restartedMain] Starting Servlet engine: [Apache Tomcat/9.0.54]
2021-11-09 12:40:40,113 INFO org.apache.juli.logging.DirectJDKLog [restartedMain] Initializing Spring embedded WebApplicationContext
2021-11-09 12:40:40,113 INFO org.springframework.boot.web.servlet.context.ServletWebServerApplicationContext [restartedMain] Root WebApplicationContext: initialization completed in 1104 ms
2021-11-09 12:40:40,389 INFO org.springframework.boot.devtools.autoconfigure.OptionalLiveReloadServer [restartedMain] LiveReload server is running on port 35729
2021-11-09 12:40:40,398 INFO org.apache.juli.logging.DirectJDKLog [restartedMain] Starting ProtocolHandler ["http-nio-8080"]
2021-11-09 12:40:40,584 INFO org.springframework.boot.web.embedded.tomcat.TomcatWebServer [restartedMain] Tomcat started on port(s): 8080 (http) with context path ''
2021-11-09 12:40:40,594 INFO org.springframework.boot.StartupInfoLogger [restartedMain] Started SpringLoggerApplication in 1.991 seconds (JVM running for 2.362)
2021-11-09 12:40:46,288 INFO org.apache.juli.logging.DirectJDKLog [http-nio-8080-exec-1] Initializing Spring DispatcherServlet 'dispatcherServlet'
2021-11-09 12:40:46,291 INFO org.springframework.web.servlet.FrameworkServlet [http-nio-8080-exec-1] Initializing Servlet 'dispatcherServlet'
2021-11-09 12:40:46,292 INFO org.springframework.web.servlet.FrameworkServlet [http-nio-8080-exec-1] Completed initialization in 1 ms
2021-11-09 12:40:46,308 INFO com.anilt.log.controller.ControllerClass [http-nio-8080-exec-1] An INFO Message
2021-11-09 12:40:46,308 WARN com.anilt.log.controller.ControllerClass [http-nio-8080-exec-1] A WARN Message
2021-11-09 12:40:46,308 ERROR com.anilt.log.controller.ControllerClass [http-nio-8080-exec-1] An ERROR Message
2021-11-09 12:43:31,366 INFO org.springframework.boot.StartupInfoLogger [restartedMain] Starting SpringLoggerApplication using Java 13.0.1 on ANILTPF1413WT with PID 29608 (C:\MyWork\Repository\Coding\SpringBootFeatures\SpringLogger\target\classes started by anilt in C:\MyWork\Repository\Coding\SpringBootFeatures\SpringLogger)
2021-11-09 12:43:31,368 INFO org.springframework.boot.SpringApplication [restartedMain] No active profile set, falling back to default profiles: default
2021-11-09 12:43:31,426 INFO org.springframework.boot.logging.DeferredLog [restartedMain] Devtools property defaults active! Set 'spring.devtools.add-properties' to 'false' to disable
2021-11-09 12:43:31,426 INFO org.springframework.boot.logging.DeferredLog [restartedMain] For additional web related logging consider setting the 'logging.level.web' property to 'DEBUG'
2021-11-09 12:43:32,497 INFO org.springframework.boot.web.embedded.tomcat.TomcatWebServer [restartedMain] Tomcat initialized with port(s): 8080 (http)
2021-11-09 12:43:32,506 INFO org.apache.juli.logging.DirectJDKLog [restartedMain] Initializing ProtocolHandler ["http-nio-8080"]
2021-11-09 12:43:32,506 INFO org.apache.juli.logging.DirectJDKLog [restartedMain] Starting service [Tomcat]
2021-11-09 12:43:32,506 INFO org.apache.juli.logging.DirectJDKLog [restartedMain] Starting Servlet engine: [Apache Tomcat/9.0.54]
2021-11-09 12:43:32,554 INFO org.apache.juli.logging.DirectJDKLog [restartedMain] Initializing Spring embedded WebApplicationContext
2021-11-09 12:43:32,554 INFO org.springframework.boot.web.servlet.context.ServletWebServerApplicationContext [restartedMain] Root WebApplicationContext: initialization completed in 1127 ms
2021-11-09 12:43:32,813 INFO org.springframework.boot.devtools.autoconfigure.OptionalLiveReloadServer [restartedMain] LiveReload server is running on port 35729
2021-11-09 12:43:32,822 INFO org.apache.juli.logging.DirectJDKLog [restartedMain] Starting ProtocolHandler ["http-nio-8080"]
2021-11-09 12:43:32,992 INFO org.springframework.boot.web.embedded.tomcat.TomcatWebServer [restartedMain] Tomcat started on port(s): 8080 (http) with context path ''
2021-11-09 12:43:33,001 INFO org.springframework.boot.StartupInfoLogger [restartedMain] Started SpringLoggerApplication in 2.025 seconds (JVM running for 2.385)
2021-11-09 12:43:37,170 INFO org.apache.juli.logging.DirectJDKLog [http-nio-8080-exec-1] Initializing Spring DispatcherServlet 'dispatcherServlet'
2021-11-09 12:43:37,172 INFO org.springframework.web.servlet.FrameworkServlet [http-nio-8080-exec-1] Initializing Servlet 'dispatcherServlet'
2021-11-09 12:43:37,173 INFO org.springframework.web.servlet.FrameworkServlet [http-nio-8080-exec-1] Completed initialization in 1 ms
2021-11-09 12:43:37,188 INFO com.anilt.log.controller.ControllerClass [http-nio-8080-exec-1] An INFO Message
2021-11-09 12:43:37,188 WARN com.anilt.log.controller.ControllerClass [http-nio-8080-exec-1] A WARN Message
2021-11-09 12:43:37,188 ERROR com.anilt.log.controller.ControllerClass [http-nio-8080-exec-1] An ERROR Message
2021-11-09 12:43:37,188 ERROR com.anilt.log.controller.ControllerClass [http-nio-8080-exec-1] Error
2021-11-09 12:44:11,798 INFO org.springframework.boot.StartupInfoLogger [restartedMain] Starting SpringLoggerApplication using Java 13.0.1 on ANILTPF1413WT with PID 24588 (C:\MyWork\Repository\Coding\SpringBootFeatures\SpringLogger\target\classes started by anilt in C:\MyWork\Repository\Coding\SpringBootFeatures\SpringLogger)
2021-11-09 12:44:11,800 INFO org.springframework.boot.SpringApplication [restartedMain] No active profile set, falling back to default profiles: default
2021-11-09 12:44:11,852 INFO org.springframework.boot.logging.DeferredLog [restartedMain] Devtools property defaults active! Set 'spring.devtools.add-properties' to 'false' to disable
2021-11-09 12:44:11,852 INFO org.springframework.boot.logging.DeferredLog [restartedMain] For additional web related logging consider setting the 'logging.level.web' property to 'DEBUG'
2021-11-09 12:44:12,843 INFO org.springframework.boot.web.embedded.tomcat.TomcatWebServer [restartedMain] Tomcat initialized with port(s): 8080 (http)
2021-11-09 12:44:12,850 INFO org.apache.juli.logging.DirectJDKLog [restartedMain] Initializing ProtocolHandler ["http-nio-8080"]
2021-11-09 12:44:12,851 INFO org.apache.juli.logging.DirectJDKLog [restartedMain] Starting service [Tomcat]
2021-11-09 12:44:12,851 INFO org.apache.juli.logging.DirectJDKLog [restartedMain] Starting Servlet engine: [Apache Tomcat/9.0.54]
2021-11-09 12:44:12,896 INFO org.apache.juli.logging.DirectJDKLog [restartedMain] Initializing Spring embedded WebApplicationContext
2021-11-09 12:44:12,897 INFO org.springframework.boot.web.servlet.context.ServletWebServerApplicationContext [restartedMain] Root WebApplicationContext: initialization completed in 1044 ms
2021-11-09 12:44:13,163 INFO org.springframework.boot.devtools.autoconfigure.OptionalLiveReloadServer [restartedMain] LiveReload server is running on port 35729
2021-11-09 12:44:13,171 INFO org.apache.juli.logging.DirectJDKLog [restartedMain] Starting ProtocolHandler ["http-nio-8080"]
2021-11-09 12:44:13,347 INFO org.springframework.boot.web.embedded.tomcat.TomcatWebServer [restartedMain] Tomcat started on port(s): 8080 (http) with context path ''
2021-11-09 12:44:13,355 INFO org.springframework.boot.StartupInfoLogger [restartedMain] Started SpringLoggerApplication in 1.935 seconds (JVM running for 2.295)
2021-11-09 12:44:27,025 INFO org.springframework.boot.StartupInfoLogger [restartedMain] Starting SpringLoggerApplication using Java 13.0.1 on ANILTPF1413WT with PID 25780 (C:\MyWork\Repository\Coding\SpringBootFeatures\SpringLogger\target\classes started by anilt in C:\MyWork\Repository\Coding\SpringBootFeatures\SpringLogger)
2021-11-09 12:44:27,027 INFO org.springframework.boot.SpringApplication [restartedMain] No active profile set, falling back to default profiles: default
2021-11-09 12:44:27,074 INFO org.springframework.boot.logging.DeferredLog [restartedMain] Devtools property defaults active! Set 'spring.devtools.add-properties' to 'false' to disable
2021-11-09 12:44:27,074 INFO org.springframework.boot.logging.DeferredLog [restartedMain] For additional web related logging consider setting the 'logging.level.web' property to 'DEBUG'
2021-11-09 12:44:28,033 INFO org.springframework.boot.web.embedded.tomcat.TomcatWebServer [restartedMain] Tomcat initialized with port(s): 8080 (http)
2021-11-09 12:44:28,041 INFO org.apache.juli.logging.DirectJDKLog [restartedMain] Initializing ProtocolHandler ["http-nio-8080"]
2021-11-09 12:44:28,041 INFO org.apache.juli.logging.DirectJDKLog [restartedMain] Starting service [Tomcat]
2021-11-09 12:44:28,041 INFO org.apache.juli.logging.DirectJDKLog [restartedMain] Starting Servlet engine: [Apache Tomcat/9.0.54]
2021-11-09 12:44:28,084 INFO org.apache.juli.logging.DirectJDKLog [restartedMain] Initializing Spring embedded WebApplicationContext
2021-11-09 12:44:28,085 INFO org.springframework.boot.web.servlet.context.ServletWebServerApplicationContext [restartedMain] Root WebApplicationContext: initialization completed in 1011 ms
2021-11-09 12:44:28,334 INFO org.springframework.boot.devtools.autoconfigure.OptionalLiveReloadServer [restartedMain] LiveReload server is running on port 35729
2021-11-09 12:44:28,343 INFO org.apache.juli.logging.DirectJDKLog [restartedMain] Starting ProtocolHandler ["http-nio-8080"]
2021-11-09 12:44:28,512 INFO org.springframework.boot.web.embedded.tomcat.TomcatWebServer [restartedMain] Tomcat started on port(s): 8080 (http) with context path ''
2021-11-09 12:44:28,520 INFO org.springframework.boot.StartupInfoLogger [restartedMain] Started SpringLoggerApplication in 1.871 seconds (JVM running for 2.277)
2021-11-09 12:44:32,171 INFO org.apache.juli.logging.DirectJDKLog [http-nio-8080-exec-1] Initializing Spring DispatcherServlet 'dispatcherServlet'
2021-11-09 12:44:32,173 INFO org.springframework.web.servlet.FrameworkServlet [http-nio-8080-exec-1] Initializing Servlet 'dispatcherServlet'
2021-11-09 12:44:32,174 INFO org.springframework.web.servlet.FrameworkServlet [http-nio-8080-exec-1] Completed initialization in 1 ms
2021-11-09 12:44:32,189 INFO com.anilt.log.controller.ControllerClass [http-nio-8080-exec-1] An INFO Message
2021-11-09 12:44:32,189 WARN com.anilt.log.controller.ControllerClass [http-nio-8080-exec-1] A WARN Message
2021-11-09 12:44:32,189 ERROR com.anilt.log.controller.ControllerClass [http-nio-8080-exec-1] An ERROR Message
2021-11-09 12:44:32,190 ERROR com.anilt.log.controller.ControllerClass [http-nio-8080-exec-1] Error[Ljava.lang.StackTraceElement;@7d641fc6
2021-11-09 12:49:53,583 INFO org.springframework.boot.StartupInfoLogger [restartedMain] Starting SpringLoggerApplication using Java 13.0.1 on ANILTPF1413WT with PID 9228 (C:\MyWork\Repository\Coding\SpringBootFeatures\SpringLogger\target\classes started by anilt in C:\MyWork\Repository\Coding\SpringBootFeatures\SpringLogger)
2021-11-09 12:49:53,584 INFO org.springframework.boot.SpringApplication [restartedMain] No active profile set, falling back to default profiles: default
2021-11-09 12:49:53,631 INFO org.springframework.boot.logging.DeferredLog [restartedMain] Devtools property defaults active! Set 'spring.devtools.add-properties' to 'false' to disable
2021-11-09 12:49:53,632 INFO org.springframework.boot.logging.DeferredLog [restartedMain] For additional web related logging consider setting the 'logging.level.web' property to 'DEBUG'
2021-11-09 12:49:54,640 INFO org.springframework.boot.web.embedded.tomcat.TomcatWebServer [restartedMain] Tomcat initialized with port(s): 8080 (http)
2021-11-09 12:49:54,648 INFO org.apache.juli.logging.DirectJDKLog [restartedMain] Initializing ProtocolHandler ["http-nio-8080"]
2021-11-09 12:49:54,649 INFO org.apache.juli.logging.DirectJDKLog [restartedMain] Starting service [Tomcat]
2021-11-09 12:49:54,649 INFO org.apache.juli.logging.DirectJDKLog [restartedMain] Starting Servlet engine: [Apache Tomcat/9.0.54]
2021-11-09 12:49:54,697 INFO org.apache.juli.logging.DirectJDKLog [restartedMain] Initializing Spring embedded WebApplicationContext
2021-11-09 12:49:54,697 INFO org.springframework.boot.web.servlet.context.ServletWebServerApplicationContext [restartedMain] Root WebApplicationContext: initialization completed in 1064 ms
2021-11-09 12:49:54,998 INFO org.springframework.boot.devtools.autoconfigure.OptionalLiveReloadServer [restartedMain] LiveReload server is running on port 35729
2021-11-09 12:49:55,007 INFO org.apache.juli.logging.DirectJDKLog [restartedMain] Starting ProtocolHandler ["http-nio-8080"]
2021-11-09 12:49:55,182 INFO org.springframework.boot.web.embedded.tomcat.TomcatWebServer [restartedMain] Tomcat started on port(s): 8080 (http) with context path ''
2021-11-09 12:49:55,190 INFO org.springframework.boot.StartupInfoLogger [restartedMain] Started SpringLoggerApplication in 1.983 seconds (JVM running for 2.381)
2021-11-09 12:50:06,928 INFO org.apache.juli.logging.DirectJDKLog [http-nio-8080-exec-1] Initializing Spring DispatcherServlet 'dispatcherServlet'
2021-11-09 12:50:06,929 INFO org.springframework.web.servlet.FrameworkServlet [http-nio-8080-exec-1] Initializing Servlet 'dispatcherServlet'
2021-11-09 12:50:06,930 INFO org.springframework.web.servlet.FrameworkServlet [http-nio-8080-exec-1] Completed initialization in 0 ms
2021-11-09 12:50:06,946 INFO com.anilt.log.controller.LombokLoggingController [http-nio-8080-exec-1] An INFO Message
2021-11-09 12:50:06,946 WARN com.anilt.log.controller.LombokLoggingController [http-nio-8080-exec-1] A WARN Message
2021-11-09 12:50:06,946 ERROR com.anilt.log.controller.LombokLoggingController [http-nio-8080-exec-1] An ERROR Message
2021-11-09 12:56:35,202 INFO org.springframework.boot.StartupInfoLogger [restartedMain] Starting SpringLoggerApplication using Java 13.0.1 on ANILTPF1413WT with PID 11612 (C:\MyWork\Repository\Coding\SpringBootFeatures\SpringLogger\target\classes started by anilt in C:\MyWork\Repository\Coding\SpringBootFeatures\SpringLogger)
2021-11-09 12:56:35,203 INFO org.springframework.boot.SpringApplication [restartedMain] No active profile set, falling back to default profiles: default
2021-11-09 12:56:35,248 INFO org.springframework.boot.logging.DeferredLog [restartedMain] Devtools property defaults active! Set 'spring.devtools.add-properties' to 'false' to disable
2021-11-09 12:56:35,248 INFO org.springframework.boot.logging.DeferredLog [restartedMain] For additional web related logging consider setting the 'logging.level.web' property to 'DEBUG'
2021-11-09 12:56:36,303 INFO org.springframework.boot.web.embedded.tomcat.TomcatWebServer [restartedMain] Tomcat initialized with port(s): 8080 (http)
2021-11-09 12:56:36,311 INFO org.apache.juli.logging.DirectJDKLog [restartedMain] Initializing ProtocolHandler ["http-nio-8080"]
2021-11-09 12:56:36,312 INFO org.apache.juli.logging.DirectJDKLog [restartedMain] Starting service [Tomcat]
2021-11-09 12:56:36,312 INFO org.apache.juli.logging.DirectJDKLog [restartedMain] Starting Servlet engine: [Apache Tomcat/9.0.54]
2021-11-09 12:56:36,359 INFO org.apache.juli.logging.DirectJDKLog [restartedMain] Initializing Spring embedded WebApplicationContext
2021-11-09 12:56:36,359 INFO org.springframework.boot.web.servlet.context.ServletWebServerApplicationContext [restartedMain] Root WebApplicationContext: initialization completed in 1110 ms
2021-11-09 12:56:36,710 INFO org.springframework.boot.devtools.autoconfigure.OptionalLiveReloadServer [restartedMain] LiveReload server is running on port 35729
2021-11-09 12:56:36,719 INFO org.apache.juli.logging.DirectJDKLog [restartedMain] Starting ProtocolHandler ["http-nio-8080"]
2021-11-09 12:56:36,886 INFO org.springframework.boot.web.embedded.tomcat.TomcatWebServer [restartedMain] Tomcat started on port(s): 8080 (http) with context path ''
2021-11-09 12:56:36,894 INFO org.springframework.boot.StartupInfoLogger [restartedMain] Started SpringLoggerApplication in 2.045 seconds (JVM running for 2.396)
2021-11-09 12:56:45,090 INFO org.apache.juli.logging.DirectJDKLog [http-nio-8080-exec-1] Initializing Spring DispatcherServlet 'dispatcherServlet'
2021-11-09 12:56:45,092 INFO org.springframework.web.servlet.FrameworkServlet [http-nio-8080-exec-1] Initializing Servlet 'dispatcherServlet'
2021-11-09 12:56:45,093 INFO org.springframework.web.servlet.FrameworkServlet [http-nio-8080-exec-1] Completed initialization in 0 ms
2021-11-09 12:56:45,108 INFO com.anilt.log.controller.LombokLoggingController [http-nio-8080-exec-1] An INFO Message
2021-11-09 12:56:45,108 WARN com.anilt.log.controller.LombokLoggingController [http-nio-8080-exec-1] A WARN Message
2021-11-09 12:56:45,109 ERROR com.anilt.log.controller.LombokLoggingController [http-nio-8080-exec-1] An ERROR Message
2021-11-09 12:56:45,110 ERROR com.anilt.log.controller.LombokLoggingController [http-nio-8080-exec-1] ERROR
java.lang.NullPointerException: null
	at com.anilt.log.controller.LombokLoggingController.index(LombokLoggingController.java:21)
	at java.base/jdk.internal.reflect.NativeMethodAccessorImpl.invoke0(Native Method)
	at java.base/jdk.internal.reflect.NativeMethodAccessorImpl.invoke(NativeMethodAccessorImpl.java:62)
	at java.base/jdk.internal.reflect.DelegatingMethodAccessorImpl.invoke(DelegatingMethodAccessorImpl.java:43)
	at java.base/java.lang.reflect.Method.invoke(Method.java:567)
	at org.springframework.web.method.support.InvocableHandlerMethod.doInvoke(InvocableHandlerMethod.java:205)
	at org.springframework.web.method.support.InvocableHandlerMethod.invokeForRequest(InvocableHandlerMethod.java:150)
	at org.springframework.web.servlet.mvc.method.annotation.ServletInvocableHandlerMethod.invokeAndHandle(ServletInvocableHandlerMethod.java:117)
	at org.springframework.web.servlet.mvc.method.annotation.RequestMappingHandlerAdapter.invokeHandlerMethod(RequestMappingHandlerAdapter.java:895)
	at org.springframework.web.servlet.mvc.method.annotation.RequestMappingHandlerAdapter.handleInternal(RequestMappingHandlerAdapter.java:808)
	at org.springframework.web.servlet.mvc.method.AbstractHandlerMethodAdapter.handle(AbstractHandlerMethodAdapter.java:87)
	at org.springframework.web.servlet.DispatcherServlet.doDispatch(DispatcherServlet.java:1067)
	at org.springframework.web.servlet.DispatcherServlet.doService(DispatcherServlet.java:963)
	at org.springframework.web.servlet.FrameworkServlet.processRequest(FrameworkServlet.java:1006)
	at org.springframework.web.servlet.FrameworkServlet.doGet(FrameworkServlet.java:898)
	at javax.servlet.http.HttpServlet.service(HttpServlet.java:655)
	at org.springframework.web.servlet.FrameworkServlet.service(FrameworkServlet.java:883)
	at javax.servlet.http.HttpServlet.service(HttpServlet.java:764)
	at org.apache.catalina.core.ApplicationFilterChain.internalDoFilter(ApplicationFilterChain.java:227)
	at org.apache.catalina.core.ApplicationFilterChain.doFilter(ApplicationFilterChain.java:162)
	at org.apache.tomcat.websocket.server.WsFilter.doFilter(WsFilter.java:53)
	at org.apache.catalina.core.ApplicationFilterChain.internalDoFilter(ApplicationFilterChain.java:189)
	at org.apache.catalina.core.ApplicationFilterChain.doFilter(ApplicationFilterChain.java:162)
	at org.springframework.web.filter.RequestContextFilter.doFilterInternal(RequestContextFilter.java:100)
	at org.springframework.web.filter.OncePerRequestFilter.doFilter(OncePerRequestFilter.java:119)
	at org.apache.catalina.core.ApplicationFilterChain.internalDoFilter(ApplicationFilterChain.java:189)
	at org.apache.catalina.core.ApplicationFilterChain.doFilter(ApplicationFilterChain.java:162)
	at org.springframework.web.filter.FormContentFilter.doFilterInternal(FormContentFilter.java:93)
	at org.springframework.web.filter.OncePerRequestFilter.doFilter(OncePerRequestFilter.java:119)
	at org.apache.catalina.core.ApplicationFilterChain.internalDoFilter(ApplicationFilterChain.java:189)
	at org.apache.catalina.core.ApplicationFilterChain.doFilter(ApplicationFilterChain.java:162)
	at org.springframework.web.filter.CharacterEncodingFilter.doFilterInternal(CharacterEncodingFilter.java:201)
	at org.springframework.web.filter.OncePerRequestFilter.doFilter(OncePerRequestFilter.java:119)
	at org.apache.catalina.core.ApplicationFilterChain.internalDoFilter(ApplicationFilterChain.java:189)
	at org.apache.catalina.core.ApplicationFilterChain.doFilter(ApplicationFilterChain.java:162)
	at org.apache.catalina.core.StandardWrapperValve.invoke(StandardWrapperValve.java:197)
	at org.apache.catalina.core.StandardContextValve.invoke(StandardContextValve.java:97)
	at org.apache.catalina.authenticator.AuthenticatorBase.invoke(AuthenticatorBase.java:540)
	at org.apache.catalina.core.StandardHostValve.invoke(StandardHostValve.java:135)
	at org.apache.catalina.valves.ErrorReportValve.invoke(ErrorReportValve.java:92)
	at org.apache.catalina.core.StandardEngineValve.invoke(StandardEngineValve.java:78)
	at org.apache.catalina.connector.CoyoteAdapter.service(CoyoteAdapter.java:357)
	at org.apache.coyote.http11.Http11Processor.service(Http11Processor.java:382)
	at org.apache.coyote.AbstractProcessorLight.process(AbstractProcessorLight.java:65)
	at org.apache.coyote.AbstractProtocol$ConnectionHandler.process(AbstractProtocol.java:895)
	at org.apache.tomcat.util.net.NioEndpoint$SocketProcessor.doRun(NioEndpoint.java:1722)
	at org.apache.tomcat.util.net.SocketProcessorBase.run(SocketProcessorBase.java:49)
	at org.apache.tomcat.util.threads.ThreadPoolExecutor.runWorker(ThreadPoolExecutor.java:1191)
	at org.apache.tomcat.util.threads.ThreadPoolExecutor$Worker.run(ThreadPoolExecutor.java:659)
	at org.apache.tomcat.util.threads.TaskThread$WrappingRunnable.run(TaskThread.java:61)
	at java.base/java.lang.Thread.run(Thread.java:830)
